1529083305744	geckodriver	INFO	geckodriver 0.20.1
1529083305764	geckodriver	INFO	Listening on 127.0.0.1:54761
1529083306271	mozrunner::runner	INFO	Running command: "C:\\Program Files\\Mozilla Firefox\\firefox.exe" "-marionette" "-profile" "C:\\Users\\torna\\AppData\\Local\\Temp\\rust_mozprofile.0AwgdlMas1xd"
Unable to read VR Path Registry from C:\Users\torna\AppData\Local\openvr\openvrpaths.vrpath
Unable to read VR Path Registry from C:\Users\torna\AppData\Local\openvr\openvrpaths.vrpath
Unable to read VR Path Registry from C:\Users\torna\AppData\Local\openvr\openvrpaths.vrpath
Unable to read VR Path Registry from C:\Users\torna\AppData\Local\openvr\openvrpaths.vrpath
Unable to read VR Path Registry from C:\Users\torna\AppData\Local\openvr\openvrpaths.vrpath
1529083308206	Marionette	INFO	Listening on port 54766
1529083308384	Marionette	WARN	TLS certificate errors will be ignored for this session
JavaScript warning: https://feedback.manipal.edu/sfdfacultyfeedback/Scripts/jquery-1.3.2.js, line 2425: unreachable code after return statement
[Parent 7784, Gecko_IOThread] WARNING: pipe error: 109: file z:/build/build/src/ipc/chromium/src/chrome/common/ipc_channel_win.cc, line 346
[Parent 7784, Gecko_IOThread] WARNING: pipe error: 109: file z:/build/build/src/ipc/chromium/src/chrome/common/ipc_channel_win.cc, line 346
[Child 9932, Chrome_ChildThread] WARNING: pipe error: 109: file z:/build/build/src/ipc/chromium/src/chrome/common/ipc_channel_win.cc, line 346
[Child 9932, Chrome_ChildThread] WARNIN[Child 14876, Chrome_ChildThread] WARNING: pipe error: 109: file z:/build/build/src/ipc/chromium/src/chrome/common/ipc_channel_win.cc, line 346
[Child 14876, Chrome_ChildThread] WARNING: pi[Parent 7784, Gecko_IOThread] WARNING: pipe error: 109: file z:/build/build/src/ipc/chromium/src/chrome/common/ipc_channel_win.cc, line 346
[Child 7260, Chrome_ChildThread] WARNING: pipe error: 109: file z:/build/build/src/ipc/chromium/src/chrome/common/ipc_channel_win.cc, line 346
[Child 7260, Chrome_ChildThread] WARNING: [GPU 10040
###!!! [Child][MessageChannel::SendAndWait] Error: Channel error: cannot send/recv

ko_IOThread] WARNING: pipe error: 109: file z:/build/build/src/ipc/chromium/src/chrome/common/ipc_channel_win.cc, line 346
[Parent 13156, Gecko_IOThread] WARNING: pipe error: 109: file z:/build/build/src/ipc/chromium/src/chrome/common/ipc_channel_win.cc, line 346
[Child 3424, Chrome_ChildThread] WARNING: pipe error: 109: file z:/build/build/src/ipc/chromium/src/chrome/common/ipc_channel_win.cc, line 346
[Child 3424, Chrome_ChildThread] WA[Child 19040, Chrome_ChildThread] WARNING: pipe error: 109: file z:/build/build/src/ipc/chromium/src/chrome/common/ipc_channel_win.cc, line 346
[Child 19040, Chrome_ChildThread] WARNING: p[Parent 13156, Gecko_IOThread] WARNING: pipe error: 109: file z:/build/build/src/ipc/chromium/src/chrome/common/ipc_channel_win.cc, line 346
[Child 18256, Chrome_ChildThread] WARNING: pipe error: 109: file z:/build/build/src/ipc/chromium/src/chrome/common/ipc_channel_win.cc, line 346
[Child 18256, Chrome_ChildThread] WARN*** UTM:SVC TimerManager:registerTimer called after profile-before-change notification. Ignoring timer registration for id: telemetry_modules_ping
[GPU 10132, Chrome_ChildThread] WARNING: pipe error:
###!!! [Child][MessageChannel::SendAndWait] Error: Channel error: cannot send/recv

1529083425771	geckodriver	INFO	geckodriver 0.20.1
1529083425780	geckodriver	INFO	Listening on 127.0.0.1:54851
1529083426304	mozrunner::runner	INFO	Running command: "C:\\Program Files\\Mozilla Firefox\\firefox.exe" "-marionette" "-profile" "C:\\Users\\torna\\AppData\\Local\\Temp\\rust_mozprofile.RjKyoxy54qNI"
Unable to read VR Path Registry from C:\Users\torna\AppData\Local\openvr\openvrpaths.vrpath
Unable to read VR Path Registry from C:\Users\torna\AppData\Local\openvr\openvrpaths.vrpath
Unable to read VR Path Registry from C:\Users\torna\AppData\Local\openvr\openvrpaths.vrpath
Unable to read VR Path Registry from C:\Users\torna\AppData\Local\openvr\openvrpaths.vrpath
Unable to read VR Path Registry from C:\Users\torna\AppData\Local\openvr\openvrpaths.vrpath
1529083427984	Marionette	INFO	Listening on port 54856
[Parent 18736, Gecko_IOThread] WARNING: pipe error: 109: file z:/build/build/src/ipc/chromium/src/chrome/common/ipc_channel_win.cc, line 346
[Parent 18736, Gecko_IOThread] WARNING: pipe error: 109: file z:/build/build/src/ipc/chromium/src/chrome/common/ipc_channel_win.cc, line 346
[Child 10132, Chrome_ChildThread] WARNING: pipe error: 109: file z:/build/build/src/ipc/chromium/src/chrome/common/ipc_channel_win.cc, line 346
[Child 10132, Chrome_ChildThread] W[Child 10188, Chrome_ChildThread] WARNING: pipe error: 109: file z:/build/build/src/ipc/chromium/src/chrome/common/ipc_channel_win.cc, line 346
[Child 10188, Chrome_ChildThread] W[Parent 18736, Gecko_IOThread] WARNING: pipe error: 109: file z:/build/build/src/ipc/chromium/src/chrome/common/ipc_channel_win.cc, line 346
[Child 408, Chrome_ChildThread] WARNING: pipe error: 109: file z:/build/build/src/ipc/chromium/src/chrome/common/ipc_channel_win.cc, line 346
[Child 408, Chrome_ChildThread] WARNING: pipe error:*** UTM:SVC TimerManager:registerTimer called after profile-before-change notification. Ignoring timer registration for id: telemetry_modules_ping
[GPU 11328, Chrome_ChildThread] WARNING: pipe error: 109: file z:/build/build/src/ipc/chromium/src/chrome/common/ipc_channel_w
###!!! [Child][MessageChannel::SendAndWait] Error: Channel error: cannot send/recv

1529083436331	geckodriver	INFO	geckodriver 0.20.1
1529083436351	geckodriver	INFO	Listening on 127.0.0.1:54877
1529083436860	mozrunner::runner	INFO	Running command: "C:\\Program Files\\Mozilla Firefox\\firefox.exe" "-marionette" "-profile" "C:\\Users\\torna\\AppData\\Local\\Temp\\rust_mozprofile.JxzK9piIWjDY"
Unable to read VR Path Registry from C:\Users\torna\AppData\Local\openvr\openvrpaths.vrpath
Unable to read VR Path Registry from C:\Users\torna\AppData\Local\openvr\openvrpaths.vrpath
Unable to read VR Path Registry from C:\Users\torna\AppData\Local\openvr\openvrpaths.vrpath
Unable to read VR Path Registry from C:\Users\torna\AppData\Local\openvr\openvrpaths.vrpath
Unable to read VR Path Registry from C:\Users\torna\AppData\Local\openvr\openvrpaths.vrpath
1529083438729	Marionette	INFO	Listening on port 54882
1529083438984	Marionette	WARN	TLS certificate errors will be ignored for this session
JavaScript warning: https://feedback.manipal.edu/sfdfacultyfeedback/Scripts/jquery-1.3.2.js, line 2425: unreachable code after return statement
JavaScript warning: https://feedback.manipal.edu/sfdfacultyfeedback/Scripts/jquery-1.3.2.js, line 2425: unreachable code after return statement
JavaScript warning: https://feedback.manipal.edu/sfdfacultyfeedback/Scripts/jquery-1.3.2.js, line 2425: unreachable code after return statement
JavaScript warning: https://feedback.manipal.edu/sfdfacultyfeedback/Scripts/jquery-1.3.2.js, line 2425: unreachable code after return statement
JavaScript warning: https://feedback.manipal.edu/sfdfacultyfeedback/Scripts/jquery-1.3.2.js, line 2425: unreachable code after return statement
JavaScript warning: https://feedback.manipal.edu/sfdfacultyfeedback/Scripts/jquery-1.3.2.js, line 2425: unreachable code after return statement
JavaScript warning: https://feedback.manipal.edu/sfdfacultyfeedback/Scripts/jquery-1.3.2.js, line 2425: unreachable code after return statement
JavaScript warning: https://feedback.manipal.edu/sfdfacultyfeedback/Scripts/jquery-1.3.2.js, line 2425: unreachable code after return statement
JavaScript warning: https://feedback.manipal.edu/sfdfacultyfeedback/Scripts/jquery-1.3.2.js, line 2425: unreachable code after return statement
JavaScript warning: https://feedback.manipal.edu/sfdfacultyfeedback/Scripts/jquery-1.3.2.js, line 2425: unreachable code after return statement
[Parent 1296, Gecko_IOThread] WARNING: pipe error: 109: file z:/build/build/src/ipc/chromium/src/chrome/common/ipc_channel_win.cc, line 346
[Parent 1296, Gecko_IOThread] WARNING: pipe error: 109: file z:/build/build/src/ipc/chromium/src/chrome/common/ipc_channel_win.cc, line 346
[Child 1772, Chrome_ChildThread] WARNING: pipe error: 109: file z:/build/build/src/ipc/chromium/src/chrome/common/ipc_channel_win.cc, line 346
[Child 1772, Chrome_ChildThread] WARNING: pipe[Child 7476, Chrome_ChildThread] WARNING: pipe error: 109: file z:/build/build/src/ipc/chromium/src/chrome/common/ipc_channel_win.cc, line 346
[Child 7476, Chrome_ChildThread] WARNING: pipe error: 109[Parent 1296, Gecko_IOThread] WARNING: pipe error: 109: file z:/build/build/src/ipc/chromium/src/chrome/common/ipc_channel_win.cc, line 346
[Child 6824, Chrome_ChildThread] WARNING: pipe error: 109: file z:/build/build/src/ipc/chromium/src/chrome/common/ipc_channel_win.cc, line 346
[Child 6824, Chrome_ChildThread] WARNING: pipe er[GPU 18196, Chrome_ChildThread] WARN
###!!! [Child][MessageChannel::SendAndWait] Error: Channel error: cannot send/recv

VC TimerManager:registerTimer called after profile-before-change notification. Ignoring timer registration for id: telemetry_modules_ping
[GPU 15088, Chrome_ChildThread] WARNING: pi
###!!! [Child][MessageChannel::SendAndWait] Error: Channel error: cannot send/recv

1529083587765	geckodriver	INFO	geckodriver 0.20.1
1529083587787	geckodriver	INFO	Listening on 127.0.0.1:55691
1529083588297	mozrunner::runner	INFO	Running command: "C:\\Program Files\\Mozilla Firefox\\firefox.exe" "-marionette" "-profile" "C:\\Users\\torna\\AppData\\Local\\Temp\\rust_mozprofile.JkhsramArC32"
Unable to read VR Path Registry from C:\Users\torna\AppData\Local\openvr\openvrpaths.vrpath
Unable to read VR Path Registry from C:\Users\torna\AppData\Local\openvr\openvrpaths.vrpath
Unable to read VR Path Registry from C:\Users\torna\AppData\Local\openvr\openvrpaths.vrpath
Unable to read VR Path Registry from C:\Users\torna\AppData\Local\openvr\openvrpaths.vrpath
Unable to read VR Path Registry from C:\Users\torna\AppData\Local\openvr\openvrpaths.vrpath
1529083589920	Marionette	INFO	Listening on port 55696
1529083590422	Marionette	WARN	TLS certificate errors will be ignored for this session
JavaScript warning: https://feedback.manipal.edu/sfdfacultyfeedback/Scripts/jquery-1.3.2.js, line 2425: unreachable code after return statement
JavaScript warning: https://feedback.manipal.edu/sfdfacultyfeedback/Scripts/jquery-1.3.2.js, line 2425: unreachable code after return statement
JavaScript warning: https://feedback.manipal.edu/sfdfacultyfeedback/Scripts/jquery-1.3.2.js, line 2425: unreachable code after return statement
JavaScript warning: https://feedback.manipal.edu/sfdfacultyfeedback/Scripts/jquery-1.3.2.js, line 2425: unreachable code after return statement
[Parent 7312, Gecko_IOThread] WARNING: pipe error: 109: file z:/build/build/src/ipc/chromium/src/chrome/common/ipc_channel_win.cc, line 346
[Child 6696, Chrome_ChildThread] WARNING: pipe error: 109: file z:/build/build/src/ipc/chromium/src/chrome/common/ipc_channel_win.cc, line 346
[Child 6696, Chrome_ChildThread] WARNI[Parent 7312, Gecko_IOThread] WARNING: pipe error: 109: file z:/build/build/src/ipc/chromium/src/chrome/common/ipc_channel_win.cc, line 346
[Child 19348, Chrome_ChildThread] WARNING: pipe error: 109: file z:/build/bui
###!!! [Child][RunMessage] Error: Channel closing: too late to send/recv, messages will be lost

ld/src/ipc/chromium/src/chrome/common/ipc_channel_win.cc, line 346
[Child 19348, Chrome_ChildThread] WARNING: pipe error: 109: file z:/build/buil[Parent 7312, Gecko_IOThread] WARNING: pip1529083858204	Marionette	WARN	TLS certificate errors will be ignored for this session
JavaScript warning: https://feedback.manipal.edu/sfdfacultyfeedback/Scripts/jquery-1.3.2.js, line 2425: unreachable code after return statement
JavaScript warning: https://feedback.manipal.edu/sfdfacultyfeedback/Scripts/jquery-1.3.2.js, line 2425: unreachable code after return statement
[Parent 7260, Gecko_IOThread] WARNING: pipe error: 109: file z:/build/build/src/ipc/chromium/src/chrome/common/ipc_channel_win.cc, line 346
[Parent 7260, Gecko_IOThread] WARNING: pipe error: 109: file z:/build/build/src/ipc/chromium/src/chrome/common/ipc_channel_win.cc, line 346
[Child 10168, Chrome_ChildThread] WARNING: pipe error: 109: file z:/build/build/src/ipc/chromium/src/chrome/common/ipc_channel_win.cc, line 346
[Child 10168, Chrome_ChildThread] WARNING: pipe error: 109: file z:/bu[Child 16920, Chrome_ChildThread] WARNING: pipe error: 109: file z:/build/build/src/ipc/chromium/src/chrome/common/ipc_channel_win.cc, line 346
[Child 16920, Chrome_ChildThread] WARNING:[Parent 7260, Gecko_IOThread] WARNING: pipe error: 109: file z:/build/build/src/ipc/chromium/src/chrome/common/ipc_channel_win.cc, line 346
[Child 14756, Chrome_ChildThread] WARNING: pipe error: 109: file z:/build/build/src/ipc/chromium/src/chrome/common/ipc_channel_win.cc, line 346
[Child 14756, Chrome_ChildThread] WARNING: pipe error:[GPU 18068, Chrome_ChildThread] WARNING: pipe error: 109: fil
###!!! [Child][MessageChannel::SendAndWait] Error: Channel error: cannot send/recv

able code after return statement
[Parent 19416, Gecko_IOThread] WARNING: pipe error: 109: file z:/build/build/src/ipc/chromium/src/chrome/common/ipc_channel_win.cc, line 346
[Parent 19416, Gecko_IOThread] WARNING: pipe error: 109: file z:/build/build/src/ipc/chromium/src/chrome/common/ipc_channel_win.cc, line 346
[Child 10800, Chrome_ChildThread] WARNING: pipe error: 109: file z:/build/build/src/ipc/chromium/src/chrome/common/ipc_channel_win.cc, line 346
[Child 10800, Chrome_ChildThread] WARNING: pipe error:[Child 18964, Chrome_ChildThread] WARNING: pipe error: 109: file z:/build/build/src/ipc/chromium/src/chrome/common/ipc_channel_win.cc, line 346
[Child 18964, Chrome_ChildThread] WARNING: pipe error: 109[Parent 19416, Gecko_IOThread] WARNING: pipe error: 109: file z:/build/build/src/ipc/chromium/src/chrome/common/ipc_channel_win.cc, line 346
[Child 17400, Chrome_ChildThread] WARNING: pipe error: 109: file z:/build/build/src/ipc/cJavaScript warning: https://feedback.manipal.edu/sfdfacultyfeedback/Scripts/jquery-1.3.2.js, line 2425: unreachable code after return statement
JavaScript warning: https://feedback.manipal.edu/sfdfacultyfeedback/Scripts/jquery-1.3.2.js, line 2425: unreachable code after return statement
[Parent 14276, Gecko_IOThread] WARNING: pipe error: 109: file z:/build/build/src/ipc/chromium/src/chrome/common/ipc_channel_win.cc, line 346
[Child 17564, Chrome_ChildThread] WARNING: pipe error: 109: file z:/build/build/src/ipc/chromium/src/chrome/common/ipc_channel_win.cc, line 346
[Child 17564, Chrome_ChildThread] WARNING: Unable to read VR Path Registry from C:\Users\torna\AppData\Local\openvr\openvrpaths.vrpath
[Parent 14276, Gecko_IOThread] WARNING: pipe error: 109: file z:/build/build/src/ipc/chromium/src/chrome/common/ipc_channel_win.cc, line 346
[Parent 14276, Gecko_IOThread] WARNING: pipe error: 109: file z:/build/build/src/ipc/chromium/src/chrome/common/ipc_channel_win.cc, line 346
[Child 18144, Chrome_ChildThread] WARNING: pipe error: 109: file z:/build/build/src/ipc/chromium/src/chrome/common/ipc_channel_win.cc, line 346
[Child 18144, Chrome_ChildThread] WARNING: pipe [Child 19708, Chrome_ChildThread] WARNING: pipe error: 109: file z:/build/build/src/ipc/chromium/src/chrome/common/ipc_channel_win.cc, line 346
[Child 19708, Chrome_ChildThread] WARNIN[Parent 14276, Gecko_IOThread] WARNING: pipe error: 109: file z:/build/build/src/ipc/chromium/src/chrome/common/ipc_channel_win.cc, line 346
[Child 14828, Chrome_ChildThread] WARNING: pipe error: 109: file z:/build/build/src/ipc/chromium/src/chrome/common/ipc_channel_win.cc, line 346
[Child 14828, Chrome_ChildT[GPU 7572, Chrome_ChildTh
###!!! [Child][MessageChannel::SendAndWait] Error: Channel error: cannot send/recv

1529084175323	geckodriver	INFO	geckodriver 0.20.1
1529084175343	geckodriver	INFO	Listening on 127.0.0.1:65273
1529084175858	mozrunner::runner	INFO	Running command: "C:\\Program Files\\Mozilla Firefox\\firefox.exe" "-marionette" "-profile" "C:\\Users\\torna\\AppData\\Local\\Temp\\rust_mozprofile.9fCyyWigsCpF"
Unable to read VR Path Registry from C:\Users\torna\AppData\Local\openvr\openvrpaths.vrpath
Unable to read VR Path Registry from C:\Users\torna\AppData\Local\openvr\openvrpaths.vrpath
Unable to read VR Path Registry from C:\Users\torna\AppData\Local\openvr\openvrpaths.vrpath
Unable to read VR Path Registry from C:\Users\torna\AppData\Local\openvr\openvrpaths.vrpath
Unable to read VR Path Registry from C:\Users\torna\AppData\Local\openvr\openvrpaths.vrpath
1529084177698	Marionette	INFO	Listening on port 65278
1529084177971	Marionette	WARN	TLS certificate errors will be ignored for this session
JavaScript warning: https://feedback.manipal.edu/sfdfacultyfeedback/Scripts/jquery-1.3.2.js, line 2425: unreachable code after return statement
JavaScript warning: https://feedback.manipal.edu/sfdfacultyfeedback/Scripts/jquery-1.3.2.js, line 2425: unreachable code after return statement
[Parent 20132, Gecko_IOThread] WARNING: pipe error: 109: file z:/build/build/src/ipc/chromium/src/chrome/common/ipc_channel_win.cc, line 346
[Parent 20132, Gecko_IOThread] WARNING: pipe error: 109: file z:/build/build/src/ipc/chromium/src/chrome/common/ipc_channel_win.cc, line 346
[Child 19392, Chrome_ChildThread] WARNING: pipe error: 109: file z:/build/build/src/ipc/chromium/src/chrome/common/ipc_channel_win.cc, line 346
[Child 19392, Chrome_ChildThread] WARNING: pipe error: 109:[Child 10152, Chrome_ChildThread] WARNING: pipe error: 109: file z:/build/build/src/ipc/chromium/src/chrome/common/ipc_channel_win.cc, line 346
[Child 10152, Chrome_ChildThread] WAR[Parent 20132, Gecko_IOThread] WARNING: pipe error: 109: file z:/build/build/src/ipc/chromium/src/chrome/common/ipc_channel_win.cc, line 346
[Child 18700, Chrome_ChildThread] WARNING: pipe error: 109: file z:/build/build/src/ipc/chromium/src/chroJavaScript warning: https://feedback.manipal.edu/sfdfacultyfeedback/Scripts/jquery-1.3.2.js, line 2425: unreachable code after return statement
JavaScript warning: https://feedback.manipal.edu/sfdfacultyfeedback/Scripts/jquery-1.3.2.js, line 2425: unreachable code after return statement
[Parent 17072, Gecko_IOThread] WARNING: pipe error: 109: file z:/build/build/src/ipc/chromium/src/chrome/common/ipc_channel_win.cc, line 346
[Parent 17072, Gecko_IOThread] WARNING: pipe error: 109: file z:/build/build/src/ipc/chromium/src/chrome/common/ipc_channel_win.cc, line 346
[Child 19864, Chrome_ChildThread] WARNING: pipe error: 109: file z:/build/build/src/ipc/chromium/src/chrome/common/ipc_channel_win.cc, line 346
[Child 19864, Chrome_ChildThread] WARNING: pipe[Child 19564, Chrome_ChildThread] WARNING: pipe error: 109: file z:/build/build/src/ipc/chromium/src/chrome/common/ipc_channel_win.cc, line 346
[Child 19564, Chrome_ChildThread] WARNING[Parent 17072, Gecko_IOThread] WARNING: pipe error: 109: file z:/build/build/src/ipc/chromium/src/chrome/common/ipc_channel_win.cc, line 346
[Child 14692, Chrome_ChildThread] WARNING: pipe error: 109: file z:/build/build/src/ipc/chromium/src/chrome/common/ipc_channel_win.cc, line 346
[Child 14692, Chrome_ChildThread] WARNING: pipe error[GPU 17940, Chrome_ChildThread] WARNING:
###!!! [Child][MessageChannel::SendAndWait] Error: Channel error: cannot send/recv

t
JavaScript warning: https://feedback.manipal.edu/sfdfacultyfeedback/Scripts/jquery-1.3.2.js, line 2425: unreachable code after return statement
[Parent 7572, Gecko_IOThread] WARNING: pipe error: 109: file z:/build/build/src/ipc/chromium/src/chrome/common/ipc_channel_win.cc, line 346
[Parent 7572, Gecko_IOThread] WARNING: pipe error: 109: file z:/build/build/src/ipc/chromium/src/chrome/common/ipc_channel_win.cc, line 346
[Child 16372, Chrome_ChildThread] WARNING: pipe error: 109: file z:/build/build/src/ipc/chromium/src/chrome/common/ipc_channel_win.cc, line 346
[Child 16372, Chrome_ChildThread] WARN[Child 19572, Chrome_ChildThread] WARNING: pipe error: 109: file z:/build/build/src/ipc/chromium/src/chrome/common/ipc_channel_win.cc, line 346
[Child 19572, Chrome_ChildThread] WARNING: pipe[Parent 7572, Gecko_IOThread] WARNING: pipe error: 109: file z:/build/build/src/ipc/chromium/src/chrome/common/ipc_channel_win.cc, line 346
[Child 10132, Chrome_ChildThread] WARNING: pipe error: 109: file z:/build/build/src/ipc/chromium/src/chrome/common/ipc_channel_win.cc, line 346
[Child 10132, Chrome_ChildThread] WARNING: pi[GPU 15824, Chrome_ChildThread] WARN
###!!! [Child][MessageChannel::SendAndWait] Error: Channel error: cannot send/recv

fdfacultyfeedback/Scripts/jquery-1.3.2.js, line 2425: unreachable code after return statement
[Parent 10604, Gecko_IOThread] WARNING: pipe error: 109: file z:/build/build/src/ipc/chromium/src/chrome/common/ipc_channel_win.cc, line 346
[Parent 10604, Gecko_IOThread] WARNING: pipe error: 109: file z:/build/build/src/ipc/chromium/src/chrome/common/ipc_channel_win.cc, line 346
[Child 13320, Chrome_ChildThread] WARNING: pipe error: 109: file z:/build/build/src/ipc/chromium/src/chrome/common/ipc_channel_win.cc, line 346
[Child 13320, Chrome_ChildThread] WARNING: [Parent 10604, Gecko_IOThread] WARNING: pipe error: 109: file z:/build/build/src/ipc/chromium/src/chrome/common/ipc_channel_win.cc, line 346
[Child 1448, Chrome_ChildThread] WARNING: pipe error: 109: file z:/build/build/src/ipc/chromium/src/chrome/common/ipc_channel_win.cc, line 346
[Child 1448, Chrome_ChildThread][GPU 1
###!!! [Child][MessageChannel::SendAndWait] Error: Channel error: cannot send/recv

1529084645597	geckodriver	INFO	geckodriver 0.20.1
1529084645614	geckodriver	INFO	Listening on 127.0.0.1:49781
1529084646125	mozrunner::runner	INFO	Running command: "C:\\Program Files\\Mozilla Firefox\\firefox.exe" "-marionette" "-profile" "C:\\Users\\torna\\AppData\\Local\\Temp\\rust_mozprofile.5QNjMe2chFYR"
Unable to read VR Path Registry from C:\Users\torna\AppData\Local\openvr\openvrpaths.vrpath
Unable to read VR Path Registry from C:\Users\torna\AppData\Local\openvr\openvrpaths.vrpath
Unable to read VR Path Registry from C:\Users\torna\AppData\Local\openvr\openvrpaths.vrpath
Unable to read VR Path Registry from C:\Users\torna\AppData\Local\openvr\openvrpaths.vrpath
Unable to read VR Path Registry from C:\Users\torna\AppData\Local\openvr\openvrpaths.vrpath
1529084647669	Marionette	INFO	Listening on port 49786
1529084648239	Marionette	WARN	TLS certificate errors will be ignored for this session
JavaScript warning: https://feedback.manipal.edu/sfdfacultyfeedback/Scripts/jquery-1.3.2.js, line 2425: unreachable code after return statement
JavaScript warning: https://feedback.manipal.edu/sfdfacultyfeedback/Scripts/jquery-1.3.2.js, line 2425: unreachable code after return statement
[Parent 18068, Gecko_IOThread] WARNING: pipe error: 109: file z:/build/build/src/ipc/chromium/src/chrome/common/ipc_channel_win.cc, line 346
[Parent 18068, Gecko_IOThread] WARNING: pipe error: 109: file z:/build/build/src/ipc/chromium/src/chrome/common/ipc_channel_win.cc, line 346
[Child 20140, Chrome_ChildThread] WARNING: pipe error: 109: file z:/build/build/src/ipc/chromium/src/chrome/common/ipc_channel_win.cc, line 346
[Child 20140, Chrome_ChildThread] [Child 11868, Chrome_ChildThread] WARNING: pipe error: 109: file z:/build/build/src/ipc/chromium/src/chrome/common/ipc_channel_win.cc, line 346
[Child 11868, Chrome_ChildThread] WARNING: pipe[Parent 18068, Gecko_IOThread] WARNING: pipe error: 109: file z:/build/build/src/ipc/chromium/src/chrome/common/ipc_channel_win.cc, line 346
[Child 19784, Chrome_ChildThread] WARNING: pipe error: 109: file z:/build/build/src/ipc/chromium/src/chrome/common/ipc_channel_win.cc, line 346
[Child 19784, Chrome_ChildThread] WARNING[GPU 3188, Chrome_ChildThrea
###!!! [Child][MessageChannel::SendAndWait] Error: Channel error: cannot send/recv

manipal.edu/sfdfacultyfeedback/Scripts/jquery-1.3.2.js, line 2425: unreachable code after return statement
[Parent 15552, Gecko_IOThread] WARNING: pipe error: 109: file z:/build/build/src/ipc/chromium/src/chrome/common/ipc_channel_win.cc, line 346
[Parent 15552, Gecko_IOThread] WARNING: pipe error: 109: file z:/build/build/src/ipc/chromium/src/chrome/common/ipc_channel_win.cc, line 346
[Child 16532, Chrome_ChildThread] WARNING: pipe error: 109: file z:/build/build/src/ipc/chromium/src/chrome/common/ipc_channel_win.cc, line 346
[Child 16532, Chrome_ChildThread] WARNING[Child 25[Parent 15552, Gecko_IOThread] WARNING: pipe error: 109: file z:/build/build/src/ipc/chromium/src/chrome/common/ipc_channel_win.cc, line 346
[Child 19764, Chrome_ChildThread] WARNING: pipe error: 109: file z:/build/build/src/ipc/chromium/src/chrome/common/ipc_channel_win.cc, line 346
[Child 19764, Chrome_ChildThread] WARNING[GPU 19676, Chrome_ChildThread] 
###!!! [Child][MessageChannel::SendAndWait] Error: Channel error: cannot send/recv

 warning: https://feedback.manipal.edu/sfdfacultyfeedback/Scripts/jquery-1.3.2.js, line 2425: unreachable code after return statement
JavaScript warning: https://feedback.manipal.edu/sfdfacultyfeedback/Scripts/jquery-1.3.2.js, line 2425: unreachable code after return statement
[Parent 15284, Gecko_IOThread] WARNING: pipe error: 109: file z:/build/build/src/ipc/chromium/src/chrome/common/ipc_channel_win.cc, line 346
[Parent 15284, Gecko_IOThread] WARNING: pipe error: 109: file z:/build/build/src/ipc/chromium/src/chrome/common/ipc_channel_win.cc, line 346
[Child 17072, Chrome_ChildThread] WARNING: pipe error: 109: file z:/build/build/src/ipc/chromium/src/chrome/common/ipc_channel_win.cc, line 346
[Child 17072, Chrome_ChildThread] WARNING: pipe error:[Child 14924, Chrome_ChildThread] WARNING: pipe error: 109: file z:/build/build/src/ipc/chromium/src/chrome/common/ipc_channel_win.cc, line 346
[Child 14924, Chrome_ChildThread] WA[Parent 15284, Gecko_IOThread] WARNING: pipe error: 109: file z:/build/build/src/ipc/chromium/src/chrome/common/ipc_channel_win.cc, line 346
[Child 20380, Chrome_ChildThread] WARNING: pipe error: 109: file z:/build/build/src/ipc/chromium/src/chrome/common/ipc_channel_win.cc, line 346
[Child 20380, Chrome_ChildThread] WARNING: pipe erro[GPU 9448, Chrome_ChildTh
###!!! [Child][MessageChannel::SendAndWait] Error: Channel error: cannot send/recv

cultyfeedback/Scripts/jquery-1.3.2.js, line 2425: unreachable code after return statement
[Parent 8140, Gecko_IOThread] WARNING: pipe error: 109: file z:/build/build/src/ipc/chromium/src/chrome/common/ipc_channel_win.cc, line 346
[Parent 8140, Gecko_IOThread] WARNING: pipe error: 109: file z:/build/build/src/ipc/chromium/src/chrome/common/ipc_channel_win.cc, line 346
[Child 9436, Chrome_ChildThread] WARNING: pipe error: 109: file z:/build/build/src/ipc/chromium/src/chrome/common/ipc_channel_win.cc, line 346
[Child 9436, Chrome_ChildThread] WAR[Child 11468, Chrome_ChildThread] WARNING: pipe error: 109: file z:/build/build/src/ipc/chromium/src/chrome/common/ipc_channel_win.cc, line 346
[Child 11468, Chrome_ChildThread] WARNING: pipe error: 109:[Parent 8140, Gecko_IOThread] WARNING: pipe error: 109: file z:/build/build/src/ipc/chromium/src/chrome/common/ipc_channel_win.cc, line 346
[Child 3140, Chrome_ChildThread] WARNING: pipe error: 109: file z:/build/build/src/ipc/chromium/src/chrome/common/ipc_channel_win.cc, line 346
[Child 3140, Chrome_ChildThread] WARNING: pipe error: 109: file[GPU 10512, Chrome_ChildThread] WARNING: pipe err
###!!! [Child][MessageChannel::SendAndWait] Error: Channel error: cannot send/recv

src/chrome/common/ipc_channel_win.cc, line 346
[Child 20528, Chrome_ChildThread] WARNING: pipe error: 109: file z:/build/build/src/ipc/chromium/src/chrome/common/ipc_channel_win.cc, line 346
[Child 20528, Chrome_ChildThread] WARNING: pipe [Child 21324, Chrome_ChildThread] WARNING: pipe error: 109: file z:/build/build/src/ipc/chromium/src/chrome/common/ipc_channel_win.cc, line 346
[Child 21324, Chrome_ChildThread][Parent 2736, Gecko_IOThread] WARNING: pipe error: 109: file z:/build/build/src/ipc/chromium/src/chrome/common/ipc_channel_win.cc, line 346
[Child 1320, Chrome_ChildThread] WARNING: pipe error: 109: file z:/build/build/src/ipc/chromium/src/chrome/common/ipc_channel_win.cc, line 346
[Child 1320, Chrome_ChildThread] WARNING: pipe*** UTM:SVC TimerManager:registerTimer called after profile-before-change notification. Ignoring timer registration for id: telemetry_modules_ping
[GPU 7684, Chrome_ChildThread] WARN
###!!! [Child][MessageChannel::SendAndWait] Error: Channel error: cannot send/recv

1529084791234	geckodriver	INFO	geckodriver 0.20.1
1529084791249	geckodriver	INFO	Listening on 127.0.0.1:50395
1529084791761	mozrunner::runner	INFO	Running command: "C:\\Program Files\\Mozilla Firefox\\firefox.exe" "-marionette" "-profile" "C:\\Users\\torna\\AppData\\Local\\Temp\\rust_mozprofile.SzFaqT5XhjVt"
Unable to read VR Path Registry from C:\Users\torna\AppData\Local\openvr\openvrpaths.vrpath
Unable to read VR Path Registry from C:\Users\torna\AppData\Local\openvr\openvrpaths.vrpath
Unable to read VR Path Registry from C:\Users\torna\AppData\Local\openvr\openvrpaths.vrpath
Unable to read VR Path Registry from C:\Users\torna\AppData\Local\openvr\openvrpaths.vrpath
Unable to read VR Path Registry from C:\Users\torna\AppData\Local\openvr\openvrpaths.vrpath
1529084793550	Marionette	INFO	Listening on port 50400
1529084793883	Marionette	WARN	TLS certificate errors will be ignored for this session
JavaScript warning: https://feedback.manipal.edu/sfdfacultyfeedback/Scripts/jquery-1.3.2.js, line 2425: unreachable code after return statement
JavaScript warning: https://feedback.manipal.edu/sfdfacultyfeedback/Scripts/jquery-1.3.2.js, line 2425: unreachable code after return statement
[Parent 21300, Gecko_IOThread] WARNING: pipe error: 109: file z:/build/build/src/ipc/chromium/src/chrome/common/ipc_channel_win.cc, line 346
[Child 18548, Chrome_ChildThread] WARNING: pipe error: 109: file z:/build/build/src/ipc/chromium/src/chrome/common/ipc_channel_win.cc, line 346
[Child 18548, Chrome_Chi[Child 20844, Chrome_ChildThread] WARNING: pipe error: 109: file z:/build/build/src/ipc/chromium/src/chrome/common/ipc_channel_win.cc, line 346
[Child 20844, Chrome_ChildThre[Parent 21300, Gecko_IOThread] WARNING: pipe error: 109: file z:/build/build/src/ipc/chromium/src/chrome/common/ipc_channel_win.cc, line 346
[Child 21024, Chrome_ChildThread] WARNING: pipe error: 109: file z:/build/build/src/ipc/chromium/src/chrome/common/ipc_channel_win.cc, line 346
[Child 21024, Chrome_ChildThread] WARNING: pip*** UTM:SVC TimerManager:registerTimer called after profile-before-change notification. Ignoring timer registration for id: telemetry_modules_ping
[GPU 20728, Chrome_ChildThread] WARNIN
###!!! [Child][MessageChannel::SendAndWait] Error: Channel error: cannot send/recv

dback.manipal.edu/sfdfacultyfeedback/Scripts/jquery-1.3.2.js, line 2425: unreachable code after return statement
JavaScript warning: https://feedback.manipal.edu/sfdfacultyfeedback/Scripts/jquery-1.3.2.js, line 2425: unreachable code after return statement
JavaScript warning: https://feedback.manipal.edu/sfdfacultyfeedback/Scripts/jquery-1.3.2.js, line 2425: unreachable code after return statement
[Parent 2736, Gecko_IOThread] WARNING: pipe error: 109: file z:/build/build/src/ipc/chromium/src/chrome/common/ipc_channel_win.cc, line 346
[Parent 2736, Gecko_IOThread] WARNING: pipe error: 109: file z:/build/build/src/ipc/chromium/src/chrome/common/ipc_channel_win.cc, line 346
[Child 21876, Chrome_ChildThread] WARNING: pipe error: 109: file z:/build/build/src/ipc/chromium/src/chrome/common/ipc_channel_win.cc, line 346
[Child 21876, Chrome_ChildThread] WARNING: pipe e[Child 22256, Chrome_ChildThread] WARNING: pipe error: 109: file z:/build/build/src/ipc/chromium/src/chrome/common/ipc_channel_win.cc, line 346
[Child 22256, Chrome_ChildTh[Parent 2736, Gecko_IOThread] WARNING: pipe error: 109: file z:/build/build/src/ipc/chromium/src/chrome/common/ipc_channel_win.cc, line 346
[Child 21776, Chrome_ChildThread] WARNING: pipe error: 109: file z:/build/build/src/ipc/chromium/src/chrome/common/ipc_channel_win.cc, line 346
[Child 21776, Chrome_ChildThread] WARNING: pipe [GPU 21636, Chrome_ChildT
###!!! [Child][MessageChannel::SendAndWait] Error: Channel error: cannot send/recv

